<?xml version="1.0" encoding="UTF-8"?>
<testng-results ignored="0" total="12" passed="11" failed="1" skipped="0">
  <reporter-output>
  </reporter-output>
  <suite started-at="2023-01-04T17:23:46 IST" name="Default suite" finished-at="2023-01-04T17:23:49 IST" duration-ms="2765">
    <groups>
    </groups>
    <test started-at="2023-01-04T17:23:46 IST" name="Default test" finished-at="2023-01-04T17:23:49 IST" duration-ms="2765">
      <class name="com.bridgelabz.qa.api_automation.Json_Server_Api_Automation_Server_Test">
        <test-method signature="get_all_comments_for_perticular_post()[pri:0, instance:com.bridgelabz.qa.api_automation.Json_Server_Api_Automation_Server_Test@23282c25]" started-at="2023-01-04T17:23:46 IST" name="get_all_comments_for_perticular_post" finished-at="2023-01-04T17:23:48 IST" duration-ms="2002" status="PASS">
          <reporter-output>
          </reporter-output>
        </test-method> <!-- get_all_comments_for_perticular_post -->
        <test-method signature="create_profile()[pri:1, instance:com.bridgelabz.qa.api_automation.Json_Server_Api_Automation_Server_Test@23282c25]" started-at="2023-01-04T17:23:48 IST" name="create_profile" finished-at="2023-01-04T17:23:48 IST" duration-ms="92" status="PASS">
          <reporter-output>
          </reporter-output>
        </test-method> <!-- create_profile -->
        <test-method signature="update_profile()[pri:2, instance:com.bridgelabz.qa.api_automation.Json_Server_Api_Automation_Server_Test@23282c25]" started-at="2023-01-04T17:23:48 IST" name="update_profile" finished-at="2023-01-04T17:23:48 IST" duration-ms="44" status="PASS">
          <reporter-output>
          </reporter-output>
        </test-method> <!-- update_profile -->
        <test-method signature="get_profile()[pri:3, instance:com.bridgelabz.qa.api_automation.Json_Server_Api_Automation_Server_Test@23282c25]" started-at="2023-01-04T17:23:48 IST" name="get_profile" finished-at="2023-01-04T17:23:48 IST" duration-ms="26" status="PASS">
          <reporter-output>
          </reporter-output>
        </test-method> <!-- get_profile -->
        <test-method signature="create_post()[pri:4, instance:com.bridgelabz.qa.api_automation.Json_Server_Api_Automation_Server_Test@23282c25]" started-at="2023-01-04T17:23:48 IST" name="create_post" finished-at="2023-01-04T17:23:49 IST" duration-ms="361" status="FAIL">
          <exception class="java.lang.AssertionError">
            <message>
              <![CDATA[1 expectation failed.
Expected status code <201> but was <500>.
]]>
            </message>
            <full-stacktrace>
              <![CDATA[java.lang.AssertionError: 1 expectation failed.
Expected status code <201> but was <500>.

at java.base/jdk.internal.reflect.NativeConstructorAccessorImpl.newInstance0(Native Method)
at java.base/jdk.internal.reflect.NativeConstructorAccessorImpl.newInstance(NativeConstructorAccessorImpl.java:77)
at java.base/jdk.internal.reflect.DelegatingConstructorAccessorImpl.newInstance(DelegatingConstructorAccessorImpl.java:45)
at java.base/java.lang.reflect.Constructor.newInstanceWithCaller(Constructor.java:499)
at java.base/java.lang.reflect.Constructor.newInstance(Constructor.java:480)
at org.codehaus.groovy.reflection.CachedConstructor.invoke(CachedConstructor.java:72)
at org.codehaus.groovy.runtime.callsite.ConstructorSite$ConstructorSiteNoUnwrapNoCoerce.callConstructor(ConstructorSite.java:105)
at org.codehaus.groovy.runtime.callsite.CallSiteArray.defaultCallConstructor(CallSiteArray.java:59)
at org.codehaus.groovy.runtime.callsite.AbstractCallSite.callConstructor(AbstractCallSite.java:263)
at org.codehaus.groovy.runtime.callsite.AbstractCallSite.callConstructor(AbstractCallSite.java:277)
at io.restassured.internal.ResponseSpecificationImpl$HamcrestAssertionClosure.validate(ResponseSpecificationImpl.groovy:499)
at io.restassured.internal.ResponseSpecificationImpl$HamcrestAssertionClosure$validate$1.call(Unknown Source)
at io.restassured.internal.ResponseSpecificationImpl.validateResponseIfRequired(ResponseSpecificationImpl.groovy:684)
at java.base/jdk.internal.reflect.NativeMethodAccessorImpl.invoke0(Native Method)
at java.base/jdk.internal.reflect.NativeMethodAccessorImpl.invoke(NativeMethodAccessorImpl.java:77)
at java.base/jdk.internal.reflect.DelegatingMethodAccessorImpl.invoke(DelegatingMethodAccessorImpl.java:43)
at java.base/java.lang.reflect.Method.invoke(Method.java:568)
at org.codehaus.groovy.runtime.callsite.PlainObjectMetaMethodSite.doInvoke(PlainObjectMetaMethodSite.java:43)
at org.codehaus.groovy.runtime.callsite.PogoMetaMethodSite$PogoCachedMethodSiteNoUnwrapNoCoerce.invoke(PogoMetaMethodSite.java:193)
at org.codehaus.groovy.runtime.callsite.PogoMetaMethodSite.callCurrent(PogoMetaMethodSite.java:61)
at org.codehaus.groovy.runtime.callsite.AbstractCallSite.callCurrent(AbstractCallSite.java:185)
at io.restassured.internal.ResponseSpecificationImpl.statusCode(ResponseSpecificationImpl.groovy:127)
at io.restassured.specification.ResponseSpecification$statusCode$0.callCurrent(Unknown Source)
at io.restassured.internal.ResponseSpecificationImpl.statusCode(ResponseSpecificationImpl.groovy:135)
at io.restassured.internal.ValidatableResponseOptionsImpl.statusCode(ValidatableResponseOptionsImpl.java:89)
at io.restassured.internal.ValidatableResponseImpl.super$2$statusCode(ValidatableResponseImpl.groovy)
at java.base/jdk.internal.reflect.NativeMethodAccessorImpl.invoke0(Native Method)
at java.base/jdk.internal.reflect.NativeMethodAccessorImpl.invoke(NativeMethodAccessorImpl.java:77)
at java.base/jdk.internal.reflect.DelegatingMethodAccessorImpl.invoke(DelegatingMethodAccessorImpl.java:43)
at java.base/java.lang.reflect.Method.invoke(Method.java:568)
at org.codehaus.groovy.reflection.CachedMethod.invoke(CachedMethod.java:107)
at groovy.lang.MetaMethod.doMethodInvoke(MetaMethod.java:323)
at groovy.lang.MetaClassImpl.invokeMethod(MetaClassImpl.java:1268)
at org.codehaus.groovy.runtime.ScriptBytecodeAdapter.invokeMethodOnSuperN(ScriptBytecodeAdapter.java:144)
at io.restassured.internal.ValidatableResponseImpl.statusCode(ValidatableResponseImpl.groovy:142)
at io.restassured.internal.ValidatableResponseImpl.statusCode(ValidatableResponseImpl.groovy)
at com.bridgelabz.qa.api_automation.Json_Server_Api_Automation_Server_Test.create_post(Json_Server_Api_Automation_Server_Test.java:27)
at java.base/jdk.internal.reflect.NativeMethodAccessorImpl.invoke0(Native Method)
at java.base/jdk.internal.reflect.NativeMethodAccessorImpl.invoke(NativeMethodAccessorImpl.java:77)
at java.base/jdk.internal.reflect.DelegatingMethodAccessorImpl.invoke(DelegatingMethodAccessorImpl.java:43)
at java.base/java.lang.reflect.Method.invoke(Method.java:568)
at org.testng.internal.MethodInvocationHelper.invokeMethod(MethodInvocationHelper.java:133)
at org.testng.internal.TestInvoker.invokeMethod(TestInvoker.java:598)
at org.testng.internal.TestInvoker.invokeTestMethod(TestInvoker.java:173)
at org.testng.internal.MethodRunner.runInSequence(MethodRunner.java:46)
at org.testng.internal.TestInvoker$MethodInvocationAgent.invoke(TestInvoker.java:824)
at org.testng.internal.TestInvoker.invokeTestMethods(TestInvoker.java:146)
at org.testng.internal.TestMethodWorker.invokeTestMethods(TestMethodWorker.java:146)
at org.testng.internal.TestMethodWorker.run(TestMethodWorker.java:128)
at java.base/java.util.ArrayList.forEach(ArrayList.java:1511)
at org.testng.TestRunner.privateRun(TestRunner.java:794)
at org.testng.TestRunner.run(TestRunner.java:596)
at org.testng.SuiteRunner.runTest(SuiteRunner.java:377)
at org.testng.SuiteRunner.runSequentially(SuiteRunner.java:371)
at org.testng.SuiteRunner.privateRun(SuiteRunner.java:332)
at org.testng.SuiteRunner.run(SuiteRunner.java:276)
at org.testng.SuiteRunnerWorker.runSuite(SuiteRunnerWorker.java:53)
at org.testng.SuiteRunnerWorker.run(SuiteRunnerWorker.java:96)
at org.testng.TestNG.runSuitesSequentially(TestNG.java:1212)
at org.testng.TestNG.runSuitesLocally(TestNG.java:1134)
at org.testng.TestNG.runSuites(TestNG.java:1063)
at org.testng.TestNG.run(TestNG.java:1031)
at org.testng.remote.AbstractRemoteTestNG.run(AbstractRemoteTestNG.java:115)
at org.testng.remote.RemoteTestNG.initAndRun(RemoteTestNG.java:251)
at org.testng.remote.RemoteTestNG.main(RemoteTestNG.java:77)
]]>
            </full-stacktrace>
          </exception> <!-- java.lang.AssertionError -->
          <reporter-output>
          </reporter-output>
        </test-method> <!-- create_post -->
        <test-method signature="update_post()[pri:5, instance:com.bridgelabz.qa.api_automation.Json_Server_Api_Automation_Server_Test@23282c25]" started-at="2023-01-04T17:23:49 IST" name="update_post" finished-at="2023-01-04T17:23:49 IST" duration-ms="45" status="PASS">
          <reporter-output>
          </reporter-output>
        </test-method> <!-- update_post -->
        <test-method signature="get_post()[pri:6, instance:com.bridgelabz.qa.api_automation.Json_Server_Api_Automation_Server_Test@23282c25]" started-at="2023-01-04T17:23:49 IST" name="get_post" finished-at="2023-01-04T17:23:49 IST" duration-ms="24" status="PASS">
          <reporter-output>
          </reporter-output>
        </test-method> <!-- get_post -->
        <test-method signature="delete_post()[pri:7, instance:com.bridgelabz.qa.api_automation.Json_Server_Api_Automation_Server_Test@23282c25]" started-at="2023-01-04T17:23:49 IST" name="delete_post" finished-at="2023-01-04T17:23:49 IST" duration-ms="25" status="PASS">
          <reporter-output>
          </reporter-output>
        </test-method> <!-- delete_post -->
        <test-method signature="create_comments()[pri:8, instance:com.bridgelabz.qa.api_automation.Json_Server_Api_Automation_Server_Test@23282c25]" started-at="2023-01-04T17:23:49 IST" name="create_comments" finished-at="2023-01-04T17:23:49 IST" duration-ms="16" status="PASS">
          <reporter-output>
          </reporter-output>
        </test-method> <!-- create_comments -->
        <test-method signature="update_comment()[pri:9, instance:com.bridgelabz.qa.api_automation.Json_Server_Api_Automation_Server_Test@23282c25]" started-at="2023-01-04T17:23:49 IST" name="update_comment" finished-at="2023-01-04T17:23:49 IST" duration-ms="18" status="PASS">
          <reporter-output>
          </reporter-output>
        </test-method> <!-- update_comment -->
        <test-method signature="get_comments()[pri:10, instance:com.bridgelabz.qa.api_automation.Json_Server_Api_Automation_Server_Test@23282c25]" started-at="2023-01-04T17:23:49 IST" name="get_comments" finished-at="2023-01-04T17:23:49 IST" duration-ms="14" status="PASS">
          <reporter-output>
          </reporter-output>
        </test-method> <!-- get_comments -->
        <test-method signature="delete_comment()[pri:11, instance:com.bridgelabz.qa.api_automation.Json_Server_Api_Automation_Server_Test@23282c25]" started-at="2023-01-04T17:23:49 IST" name="delete_comment" finished-at="2023-01-04T17:23:49 IST" duration-ms="17" status="PASS">
          <reporter-output>
          </reporter-output>
        </test-method> <!-- delete_comment -->
      </class> <!-- com.bridgelabz.qa.api_automation.Json_Server_Api_Automation_Server_Test -->
    </test> <!-- Default test -->
  </suite> <!-- Default suite -->
</testng-results>
